info it worked if it ends with ok
verbose cli [ 'node',
verbose cli   '/Users/adamcrabtree/.nvm/v0.4.5/bin/npm',
verbose cli   'install',
verbose cli   'websocket' ]
info using npm@1.0.1rcFINAL
info using node@v0.4.5
verbose config file /var/root/.npmrc
verbose config file /Users/adamcrabtree/.nvm/v0.4.5/etc/npmrc
silly testEngine { name: 'nko',
silly testEngine   maintainers: 'visnup <visnupx@gmail.com>',
silly testEngine   author: 
silly testEngine    { name: 'Danny Coates',
silly testEngine      email: 'dannycoates@gmail.com' },
silly testEngine   description: 'node.js knockout deploy check-in',
silly testEngine   version: '0.1.1',
silly testEngine   homepage: 'https://github.com/nko2/website/tree/master/module#readme',
silly testEngine   repository: 
silly testEngine    { type: 'git',
silly testEngine      url: 'git://github.com/nko2/website.git' },
silly testEngine   keywords: [ 'node.js knockout', 'knockout', 'nko' ],
silly testEngine   bugs: 
silly testEngine    { email: 'all@nodeknockout.com',
silly testEngine      url: 'https://github.com/nko2/website/issues' },
silly testEngine   contributors: 
silly testEngine    [ { name: 'Danny Coates',
silly testEngine        email: 'dannycoates@gmail.com' },
silly testEngine      { name: 'Visnu Pitiyanuvath',
silly testEngine        email: 'visnupx@gmail.com',
silly testEngine        url: 'http://visnup.com/' } ],
silly testEngine   main: 'nko',
silly testEngine   engines: { node: '>=0.4' },
silly testEngine   dependencies: {},
silly testEngine   devDependencies: {},
silly testEngine   files: [ 'README.md', 'nko.js', 'package.json' ],
silly testEngine   _id: 'nko@0.1.1',
silly testEngine   _engineSupported: true,
silly testEngine   _npmVersion: '1.0.1rcFINAL',
silly testEngine   _nodeVersion: 'v0.4.5',
silly testEngine   _defaultsLoaded: true }
verbose caching /Users/adamcrabtree/projects/mine/localnode/node_modules/nko/package.json
verbose loadDefaults nko@0.1.1
verbose into /Users/adamcrabtree/projects/mine/localnode [ 'websocket' ]
verbose cache add [ 'websocket', null ]
info addNamed [ 'websocket', '' ]
verbose addNamed [ null, '' ]
verbose GET websocket
verbose raw, before any munging websocket
verbose url resolving [ 'http://registry.npmjs.org/', './websocket' ]
verbose url resolved http://registry.npmjs.org/websocket
verbose url parsed { protocol: 'http:',
verbose url parsed   slashes: true,
verbose url parsed   host: 'registry.npmjs.org',
verbose url parsed   hostname: 'registry.npmjs.org',
verbose url parsed   pathname: '/websocket',
verbose url parsed   href: 'http://registry.npmjs.org/websocket' }
verbose response http://registry.npmjs.org/websocket
silly chunk {"_id":"websocket","_rev":"29-ca9793058181b007c090248d4a8e7cba","name":"websocket","description":"Websocket Client & Server Library tracking the latest protocol drafts from the IETF.","dist-tags":{"latest":"0.0.14"},"versions":{"0.0.1":{"name":"websocket","description":"Websocket Client & Server Library tracking the latest protocol drafts from the IETF.","keywords":["websocket","socket","networking","comet","push"],"author":{"name":"Brian McKelvey","email":"brian@worlize.com"},"version":"0.0.1","repository":{"type":"git","url":"git://github.com/Worlize/WebSocket-Node.git"},"engines":{"node":">=0.4.7"},"main":"index","directories":{"lib":"./lib"},"_npmJsonOpts":{"file":"/Users/turtle/.npm/websocket/0.0.1/package/package.json","wscript":false,"contributors":false,"serverjs":false},"_id":"websocket@0.0.1","dependencies":{},"devDependencies":{},"_engineSupported":true,"_npmVersion":"1.0.15","_nodeVersion":"v0.4.9","_defaultsLoaded":true,"dist":{"shasum":"67a8c53140d29a5e52f3ea881ee813a18df7dca0","tarball":"http://registry.npmjs.org/websocket/-/websocket-0.0.1.tgz"},"scripts":{}},"0.0.2":{"name":"websocket","description":"Websocket Client & Server Library tracking the latest protocol drafts from the IETF.","keywords":["websocket","socket","networking","comet","push"],"author":{"name":"Brian McKelvey","email":"brian@worlize.com"},"version":"0.0.2","rep
silly chunk ository":{"type":"git","url":"git://github.com/Worlize/WebSocket-Node.git"},"engines":{"node":">=0.4.7"},"main":"index","directories":{"lib":"./lib"},"_npmJsonOpts":{"file":"/Users/turtle/.npm/websocket/0.0.2/package/package.json","wscript":false,"contributors":false,"serverjs":false},"_id":"websocket@0.0.2","dependencies":{},"devDependencies":{},"_engineSupported":true,"_npmVersion":"1.0.15","_nodeVersion":"v0.4.9","_defaultsLoaded":true,"dist":{"shasum":"11b9b3cc82f34aa7d07c9d5667134aebc30cfcc7","tarball":"http://registry.npmjs.org/websocket/-/websocket-0.0.2.tgz"},"scripts":{}},"0.0.3":{"name":"websocket","description":"Websocket Client & Server Library tracking the latest protocol drafts from the IETF.","keywords":["websocket","socket","networking","comet","push"],"author":{"name":"Brian McKelvey","email":"brian@worlize.com"},"version":"0.0.3","repository":{"type":"git","url":"git://github.com/Worlize/WebSocket-Node.git"},"engines":{"node":">=0.4.7"},"main":"index","directories":{"lib":"./lib"},"_npmJsonOpts":{"file":"/Users/turtle/.npm/websocket/0.0.3/package/package.json","wscript":false,"contributors":false,"serverjs":false},"_id":"websocket@0.0.3","dependencies":{},"devDependencies":{},"_engineSupported":true,"_npmVersion":"1.0.15","_nodeVersion":"v0.4.9","_defaultsLoaded":true,"dist":{"shasum":"db7f90f3ca13cdd428ff70013cc76f9eb728c3be","
silly chunk tarball":"http://registry.npmjs.org/websocket/-/websocket-0.0.3.tgz"},"scripts":{}},"0.0.4":{"name":"websocket","description":"Websocket Client & Server Library tracking the latest protocol drafts from the IETF.","keywords":["websocket","socket","networking","comet","push"],"author":{"name":"Brian McKelvey","email":"brian@worlize.com"},"version":"0.0.4","repository":{"type":"git","url":"git://github.com/Worlize/WebSocket-Node.git"},"engines":{"node":">=0.4.7"},"main":"index","directories":{"lib":"./lib"},"_npmJsonOpts":{"file":"/Users/turtle/.npm/websocket/0.0.4/package/package.json","wscript":false,"contributors":false,"serverjs":false},"_id":"websocket@0.0.4","dependencies":{},"devDependencies":{},"_engineSupported":true,"_npmVersion":"1.0.15","_nodeVersion":"v0.4.9","_defaultsLoaded":true,"dist":{"shasum":"19f3ac34985370395c3ff65183a37c4c7eaaa7fa","tarball":"http://registry.npmjs.org/websocket/-/websocket-0.0.4.tgz"},"scripts":{}},"0.0.5":{"name":"websocket","description":"Websocket Client & Server Library tracking the latest protocol drafts from the IETF.","keywords":["websocket","socket","networking","comet","push"],"author":{"name":"Brian McKelvey","email":"brian@worlize.com"},"version":"0.0.5","repository":{"type":"git","url":"git://github.com/Worlize/WebSocket-Node.git"},"engines":{"node":">=0.4.7"},"main":"index","directories":{"lib":"./lib"},"_npmJsonOpts":{"file":"/Users/turtle/.npm/websocket/0.0.5/package/package.json","wscript":false,"contributors":false,"serverjs":false},"_id":"websocket@0.0.5","dependencies":{},"devDependencies":{},"_engineSupported":true,"_npmVersion":"1.0.15","_nodeVersion":"v0.4.9","_defaultsLoaded":true,"dist":{"shasum":"48d3856b57f24618398f4b30cf19cdd061b22134","tarball":"http://registry.npmjs.org/websocket/-/websocket-0.0.5.tgz"},"scripts":{}},"0.0.6":{"name":"websocket","description":"Websocket Client & Server Library tracking the latest protocol drafts from the IETF.","keywords":["websocket","socket","networking","comet","push"],"author":{"name":"Brian McKelvey","email":"brian@worlize.com"},"version":"0.0.6","repository":{"type":"git","url":"git://github.com/Worlize/WebSocket-Node.git"},"engines":{"node":">=0.4.7"},"main":"index","directories":{"lib":"./lib"},"_npmJsonOpts":{"file":"/Users/turtle/.npm/websocket/0.0.6/package/package.json","wscript":false,"contributors":false,"serverjs":false},"_id":"websocket@0.0.6","dependencies":{},"devDependencies":{},"_engineSupported":true,"_npmVersion":"1.0.15","_nodeVersion":"v0.4.9","_defaultsLoaded":true,"dist":{"shasum":"2938084f18d693c8826cbdfc902edf26c0b7ed08","tarball":"http://registry.npmjs.org/websocket/-/websocket-0.0.6.tgz"},"scripts":{}},"0.0.7":{"name":"websocket","description":"Websocket Client 
silly chunk & Server Library tracking the latest protocol drafts from the IETF.","keywords":["websocket","socket","networking","comet","push"],"author":{"name":"Brian McKelvey","email":"brian@worlize.com"},"version":"0.0.7","repository":{"type":"git","url":"git://github.com/Worlize/WebSocket-Node.git"},"engines":{"node":">=0.4.7"},"main":"index","directories":{"lib":"./lib"},"_npmJsonOpts":{"file":"/Users/turtle/.npm/websocket/0.0.7/package/package.json","wscript":false,"contributors":false,"serverjs":false},"_id":"websocket@0.0.7","dependencies":{},"devDependencies":{},"_engineSupported":true,"_npmVersion":"1.0.15","_nodeVersion":"v0.4.9","_defaultsLoaded":true,"dist":{"shasum":"411d84853e41359614c9fda483c35234859df87d","tarball":"http://registry.npmjs.org/websocket/-/websocket-0.0.7.tgz"},"scripts":{}},"0.0.8":{"name":"websocket","description":"Websocket Client & Server Library tracking the latest protocol drafts from the IETF.","keywords":["websocket","socket","networking","comet","push"],"author":{"name":"Brian McKelvey","email":"brian@worlize.com"},"version":"0.0.8","repository":{"type":"git","url":"git://github.com/Worlize/WebSocket-Node.git"},"engines":{"node":">=0.4.7"},"main":"index","directories":{"lib":"./lib"},"_npmJsonOpts":{"file":"/Users/turtle/.npm/websocket/0.0.8/package/package.json","wscript":false,"contributors":false,"serverjs":false},"_
silly chunk id":"websocket@0.0.8","dependencies":{},"devDependencies":{},"_engineSupported":true,"_npmVersion":"1.0.15","_nodeVersion":"v0.4.9","_defaultsLoaded":true,"dist":{"shasum":"bc4b6df3c631bde5e1f7cfb373c919f95df55157","tarball":"http://registry.npmjs.org/websocket/-/websocket-0.0.8.tgz"},"scripts":{},"maintainers":[{"name":"theturtle32","email":"brian@worlize.com"}]},"0.0.9":{"name":"websocket","description":"Websocket Client & Server Library tracking the latest protocol drafts from the IETF.","keywords":["websocket","socket","networking","comet","push"],"author":{"name":"Brian McKelvey","email":"brian@worlize.com"},"version":"0.0.9","repository":{"type":"git","url":"git://github.com/Worlize/WebSocket-Node.git"},"engines":{"node":">=0.4.7"},"main":"index","directories":{"lib":"./lib"},"_npmJsonOpts":{"file":"/Users/theturtle32/.npm/websocket/0.0.9/package/package.json","wscript":false,"contributors":false,"serverjs":false},"_id":"websocket@0.0.9","dependencies":{},"devDependencies":{},"_engineSupported":true,"_npmVersion":"1.0.23","_nodeVersion":"v0.4.10","_defaultsLoaded":true,"dist":{"shasum":"b2ab26a9454d61e529fdc861ce1d27236f385379","tarball":"http://registry.npmjs.org/websocket/-/websocket-0.0.9.tgz"},"scripts":{},"maintainers":[{"name":"theturtle32","email":"brian@worlize.com"}]},"0.0.10":{"name":"websocket","description":"Websocket Client & S
silly chunk erver Library tracking the latest protocol drafts from the IETF.","keywords":["websocket","socket","networking","comet","push"],"author":{"name":"Brian McKelvey","email":"brian@worlize.com"},"version":"0.0.10","repository":{"type":"git","url":"git://github.com/Worlize/WebSocket-Node.git"},"engines":{"node":">=0.4.7"},"main":"index","directories":{"lib":"./lib"},"_npmJsonOpts":{"file":"/Users/theturtle32/.npm/websocket/0.0.10/package/package.json","wscript":false,"contributors":false,"serverjs":false},"_id":"websocket@0.0.10","dependencies":{},"devDependencies":{},"_engineSupported":true,"_npmVersion":"1.0.23","_nodeVersion":"v0.4.10","_defaultsLoaded":true,"dist":{"shasum":"5a5e2db24837c6583078c925a0f905c2c86dcfaa","tarball":"http://registry.npmjs.org/websocket/-/websocket-0.0.10.tgz"},"scripts":{},"maintainers":[{"name":"theturtle32","email":"brian@worlize.com"}]},"0.0.11":{"name":"websocket","description":"Websocket Client & Server Library tracking the latest protocol drafts from the IETF.","keywords":["websocket","socket","networking","comet","push"],"author":{"name":"Brian McKelvey","email":"brian@worlize.com"},"version":"0.0.11","repository":{"type":"git","url":"git://github.com/Worlize/WebSocket-Node.git"},"engines":{"node":">=0.4.7"},"main":"index","directories":{"lib":"./lib"},"_npmJsonOpts":{"file":"/Users/theturtle32/.npm/websocket/0.0.
silly chunk 11/package/package.json","wscript":false,"contributors":false,"serverjs":false},"_id":"websocket@0.0.11","dependencies":{},"devDependencies":{},"_engineSupported":true,"_npmVersion":"1.0.23","_nodeVersion":"v0.4.10","_defaultsLoaded":true,"dist":{"shasum":"2bbecb3fde1fa34894fa089de092dd3082966a6d","tarball":"http://registry.npmjs.org/websocket/-/websocket-0.0.11.tgz"},"scripts":{},"maintainers":[{"name":"theturtle32","email":"brian@worlize.com"}]},"0.0.12":{"name":"websocket","description":"Websocket Client & Server Library tracking the latest protocol drafts from the IETF.","keywords":["websocket","socket","networking","comet","push"],"author":{"name":"Brian McKelvey","email":"brian@worlize.com"},"version":"0.0.12","repository":{"type":"git","url":"git://github.com/Worlize/WebSocket-Node.git"},"engines":{"node":">=0.4.7"},"main":"index","directories":{"lib":"./lib"},"_npmJsonOpts":{"file":"/Users/theturtle32/.npm/websocket/0.0.12/package/package.json","wscript":false,"contributors":false,"serverjs":false},"_id":"websocket@0.0.12","dependencies":{},"devDependencies":{},"_engineSupported":true,"_npmVersion":"1.0.23","_nodeVersion":"v0.4.10","_defaultsLoaded":true,"dist":{"shasum":"d430596719b537eddfb068fee59b184b0c2b34d0","tarball":"http://registry.npmjs.org/websocket/-/websocket-0.0.12.tgz"},"scripts":{},"maintainers":[{"name":"theturtle32","emai
silly chunk l":"brian@worlize.com"}]},"0.0.13":{"name":"websocket","description":"Websocket Client & Server Library tracking the latest protocol drafts from the IETF.","keywords":["websocket","socket","networking","comet","push"],"author":{"name":"Brian McKelvey","email":"brian@worlize.com"},"version":"0.0.13","repository":{"type":"git","url":"git://github.com/Worlize/WebSocket-Node.git"},"engines":{"node":">=0.4.7"},"main":"index","directories":{"lib":"./lib"},"_npmJsonOpts":{"file":"/Users/theturtle32/.npm/websocket/0.0.13/package/package.json","wscript":false,"contributors":false,"serverjs":false},"_id":"websocket@0.0.13","dependencies":{},"devDependencies":{},"_engineSupported":true,"_npmVersion":"1.0.23","_nodeVersion":"v0.4.10","_defaultsLoaded":true,"dist":{"shasum":"7172155e0bacf76c1a81a17a195bd2318133a92e","tarball":"http://registry.npmjs.org/websocket/-/websocket-0.0.13.tgz"},"scripts":{},"maintainers":[{"name":"theturtle32","email":"brian@worlize.com"}]},"0.0.14":{"name":"websocket","description":"Websocket Client & Server Library tracking the latest protocol drafts from the IETF.","keywords":["websocket","socket","networking","comet","push"],"author":{"name":"Brian McKelvey","email":"brian@worlize.com"},"version":"0.0.14","repository":{"type":"git","url":"git://github.com/Worlize/WebSocket-Node.git"},"engines":{"node":">=0.4.7"},"main":"index","d
silly chunk irectories":{"lib":"./lib"},"_npmJsonOpts":{"file":"/Users/theturtle32/.npm/websocket/0.0.14/package/package.json","wscript":false,"contributors":false,"serverjs":false},"_id":"websocket@0.0.14","dependencies":{},"devDependencies":{},"_engineSupported":true,"_npmVersion":"1.0.23","_nodeVersion":"v0.4.10","_defaultsLoaded":true,"dist":{"shasum":"8f4dba633d71afa768d495bb2f5955924ae6c75c","tarball":"http://registry.npmjs.org/websocket/-/websocket-0.0.14.tgz"},"scripts":{},"maintainers":[{"name":"theturtle32","email":"brian@worlize.com"}]}},"maintainers":[{"name":"theturtle32","email":"brian@worlize.com"}],"time":{"0.0.1":"2011-07-05T23:56:30.823Z","0.0.2":"2011-07-18T06:04:02.923Z","0.0.3":"2011-07-18T21:02:20.583Z","0.0.4":"2011-07-18T23:52:10.397Z","0.0.5":"2011-07-20T01:49:40.651Z","0.0.6":"2011-07-20T03:25:50.541Z","0.0.7":"2011-07-23T02:45:56.734Z","0.0.8":"2011-08-01T22:58:04.540Z","0.0.9":"2011-08-09T01:44:38.024Z","0.0.10":"2011-08-10T01:46:03.649Z","0.0.11":"2011-08-12T02:02:23.844Z","0.0.12":"2011-08-12T04:11:10.739Z","0.0.13":"2011-08-18T23:47:29.899Z","0.0.14":"2011-08-25T05:43:31.961Z"},"author":{"name":"Brian McKelvey","email":"brian@worlize.com"},"repository":{"type":"git","url":"git://github.com/Worlize/WebSocket-Node.git"}}
silly get cb [ 200,
silly get cb   { vary: 'Accept',
silly get cb     server: 'CouchDB/1.1.0 (Erlang OTP/R14B03)',
silly get cb     etag: '"BZSI1XJZGT3IW3R8EEYYNRESA"',
silly get cb     date: 'Sat, 27 Aug 2011 04:30:56 GMT',
silly get cb     'content-type': 'application/json',
silly get cb     'content-length': '13569' } ]
verbose mkdir done: /var/root/.npm/websocket 755
verbose GET websocket/0.0.14
verbose raw, before any munging websocket/0.0.14
verbose url resolving [ 'http://registry.npmjs.org/', './websocket/0.0.14' ]
verbose url resolved http://registry.npmjs.org/websocket/0.0.14
verbose url parsed { protocol: 'http:',
verbose url parsed   slashes: true,
verbose url parsed   host: 'registry.npmjs.org',
verbose url parsed   hostname: 'registry.npmjs.org',
verbose url parsed   pathname: '/websocket/0.0.14',
verbose url parsed   href: 'http://registry.npmjs.org/websocket/0.0.14' }
verbose response http://registry.npmjs.org/websocket/0.0.14
silly chunk {"name":"websocket","description":"Websocket Client & Server Library tracking the latest protocol drafts from the IETF.","keywords":["websocket","socket","networking","comet","push"],"author":{"name":"Brian McKelvey","email":"brian@worlize.com"},"version":"0.0.14","repository":{"type":"git","url":"git://github.com/Worlize/WebSocket-Node.git"},"engines":{"node":">=0.4.7"},"main":"index","directories":{"lib":"./lib"},"_npmJsonOpts":{"file":"/Users/theturtle32/.npm/websocket/0.0.14/package/package.json","wscript":false,"contributors":false,"serverjs":false},"_id":"websocket@0.0.14","dependencies":{},"devDependencies":{},"_engineSupported":true,"_npmVersion":"1.0.23","_nodeVersion":"v0.4.10","_defaultsLoaded":true,"dist":{"shasum":"8f4dba633d71afa768d495bb2f5955924ae6c75c","tarball":"http://registry.npmjs.org/websocket/-/websocket-0.0.14.tgz"},"scripts":{},"maintainers":[{"name":"theturtle32","email":"brian@worlize.com"}]}
silly get cb [ 200,
silly get cb   { vary: 'Accept',
silly get cb     server: 'CouchDB/1.1.0 (Erlang OTP/R14B03)',
silly get cb     etag: '"BZSI1XJZGT3IW3R8EEYYNRESA"',
silly get cb     date: 'Sat, 27 Aug 2011 04:30:56 GMT',
silly get cb     'content-type': 'application/json',
silly get cb     'content-length': '932' } ]
verbose mkdir done: /var/root/.npm/websocket/0.0.14 755
verbose bin dist [ '0.4-ares1.7.4-ev4.4-openssl0.9.8l-v83.1.8.8-darwin-11.0.0',
verbose bin dist   { shasum: '8f4dba633d71afa768d495bb2f5955924ae6c75c',
verbose bin dist     tarball: 'http://registry.npmjs.org/websocket/-/websocket-0.0.14.tgz' } ]
verbose addRemoteTarball [ 'http://registry.npmjs.org/websocket/-/websocket-0.0.14.tgz',
verbose addRemoteTarball   '8f4dba633d71afa768d495bb2f5955924ae6c75c' ]
verbose mkdir done: /tmp/npm-1314419458282/1314419458282-0.18437463301233947 755
info fetch http://registry.npmjs.org/websocket/-/websocket-0.0.14.tgz
verbose fetch to /tmp/npm-1314419458282/1314419458282-0.18437463301233947/tmp.tgz
silly updated sha bytes 40960
silly updated sha bytes 24165
info shasum 8f4dba633d71afa768d495bb2f5955924ae6c75c
info shasum /tmp/npm-1314419458282/1314419458282-0.18437463301233947/tmp.tgz
verbose mkdir done: /tmp/npm-1314419458282/1314419458282-0.18437463301233947/contents/___package.npm 755
verbose unpack_ uid, gid [ 0, 0 ]
verbose unpackTarget /tmp/npm-1314419458282/1314419458282-0.18437463301233947/contents/package
silly gunzTarPerm modes [ '755', '644' ]
verbose success gzip "--decompress" "--stdout" "/tmp/npm-1314419458282/1314419458282-0.18437463301233947/tmp.tgz"
verbose success tar "-mvxpf" "-" "--no-same-owner" "-C" "/tmp/npm-1314419458282/1314419458282-0.18437463301233947/contents/___package.npm"
silly asyncMap in gTP /tmp/npm-1314419458282/1314419458282-0.18437463301233947/contents/___package.npm/package/
silly asyncMap in gTP /tmp/npm-1314419458282/1314419458282-0.18437463301233947/contents/___package.npm/package/.gitignore
silly asyncMap in gTP /tmp/npm-1314419458282/1314419458282-0.18437463301233947/contents/___package.npm/package/index.js
silly asyncMap in gTP /tmp/npm-1314419458282/1314419458282-0.18437463301233947/contents/___package.npm/package/LICENSE
silly asyncMap in gTP /tmp/npm-1314419458282/1314419458282-0.18437463301233947/contents/___package.npm/package/package.json
silly asyncMap in gTP /tmp/npm-1314419458282/1314419458282-0.18437463301233947/contents/___package.npm/package/README.md
silly asyncMap in gTP /tmp/npm-1314419458282/1314419458282-0.18437463301233947/contents/___package.npm/package/lib/
silly asyncMap in gTP /tmp/npm-1314419458282/1314419458282-0.18437463301233947/contents/___package.npm/package/lib/utils.js
silly asyncMap in gTP /tmp/npm-1314419458282/1314419458282-0.18437463301233947/contents/___package.npm/package/lib/websocket.js
silly asyncMap in gTP /tmp/npm-1314419458282/1314419458282-0.18437463301233947/contents/___package.npm/package/lib/WebSocketClient.js
silly asyncMap in gTP /tmp/npm-1314419458282/1314419458282-0.18437463301233947/contents/___package.npm/package/lib/WebSocketConnection.js
silly asyncMap in gTP /tmp/npm-1314419458282/1314419458282-0.18437463301233947/contents/___package.npm/package/lib/WebSocketFrame.js
silly asyncMap in gTP /tmp/npm-1314419458282/1314419458282-0.18437463301233947/contents/___package.npm/package/lib/WebSocketRequest.js
silly asyncMap in gTP /tmp/npm-1314419458282/1314419458282-0.18437463301233947/contents/___package.npm/package/lib/WebSocketRouter.js
silly asyncMap in gTP /tmp/npm-1314419458282/1314419458282-0.18437463301233947/contents/___package.npm/package/lib/WebSocketRouterRequest.js
silly asyncMap in gTP /tmp/npm-1314419458282/1314419458282-0.18437463301233947/contents/___package.npm/package/lib/WebSocketServer.js
silly asyncMap in gTP /tmp/npm-1314419458282/1314419458282-0.18437463301233947/contents/___package.npm/package/test/
silly asyncMap in gTP /tmp/npm-1314419458282/1314419458282-0.18437463301233947/contents/___package.npm/package/test/echo-server.js
silly asyncMap in gTP /tmp/npm-1314419458282/1314419458282-0.18437463301233947/contents/___package.npm/package/test/fragmentation-test-client.js
silly asyncMap in gTP /tmp/npm-1314419458282/1314419458282-0.18437463301233947/contents/___package.npm/package/test/fragmentation-test-page.html
silly asyncMap in gTP /tmp/npm-1314419458282/1314419458282-0.18437463301233947/contents/___package.npm/package/test/fragmentation-test-server.js
silly asyncMap in gTP /tmp/npm-1314419458282/1314419458282-0.18437463301233947/contents/___package.npm/package/test/libwebsockets-test-client.js
silly asyncMap in gTP /tmp/npm-1314419458282/1314419458282-0.18437463301233947/contents/___package.npm/package/test/libwebsockets-test-server.js
silly asyncMap in gTP /tmp/npm-1314419458282/1314419458282-0.18437463301233947/contents/___package.npm/package/test/libwebsockets-test.html
silly asyncMap in gTP /tmp/npm-1314419458282/1314419458282-0.18437463301233947/contents/___package.npm/package/example/
silly asyncMap in gTP /tmp/npm-1314419458282/1314419458282-0.18437463301233947/contents/___package.npm/package/example/whiteboard/
silly asyncMap in gTP /tmp/npm-1314419458282/1314419458282-0.18437463301233947/contents/___package.npm/package/example/whiteboard/index.ejs
silly asyncMap in gTP /tmp/npm-1314419458282/1314419458282-0.18437463301233947/contents/___package.npm/package/example/whiteboard/package.json
silly asyncMap in gTP /tmp/npm-1314419458282/1314419458282-0.18437463301233947/contents/___package.npm/package/example/whiteboard/README
silly asyncMap in gTP /tmp/npm-1314419458282/1314419458282-0.18437463301233947/contents/___package.npm/package/example/whiteboard/whiteboard.js
silly asyncMap in gTP /tmp/npm-1314419458282/1314419458282-0.18437463301233947/contents/___package.npm/package/example/whiteboard/public/
silly asyncMap in gTP /tmp/npm-1314419458282/1314419458282-0.18437463301233947/contents/___package.npm/package/example/whiteboard/public/client.css
silly asyncMap in gTP /tmp/npm-1314419458282/1314419458282-0.18437463301233947/contents/___package.npm/package/example/whiteboard/public/client.js
silly asyncMap in gTP /tmp/npm-1314419458282/1314419458282-0.18437463301233947/contents/___package.npm/package/vendor/
silly asyncMap in gTP /tmp/npm-1314419458282/1314419458282-0.18437463301233947/contents/___package.npm/package/vendor/FastBufferList.js
silly asyncMap in gTP /tmp/npm-1314419458282/1314419458282-0.18437463301233947/contents/___package.npm/package/vendor/node-ctype/
silly asyncMap in gTP /tmp/npm-1314419458282/1314419458282-0.18437463301233947/contents/___package.npm/package/vendor/node-ctype/ctio-faster.js
silly asyncMap in gTP /tmp/npm-1314419458282/1314419458282-0.18437463301233947/contents/___package.npm/package/vendor/node-ctype/ctio.js
silly asyncMap in gTP /tmp/npm-1314419458282/1314419458282-0.18437463301233947/contents/___package.npm/package/vendor/node-ctype/ctype.js
silly asyncMap in gTP /tmp/npm-1314419458282/1314419458282-0.18437463301233947/contents/___package.npm/package/vendor/node-ctype/LICENSE
silly asyncMap in gTP /tmp/npm-1314419458282/1314419458282-0.18437463301233947/contents/___package.npm/package/vendor/node-ctype/README
silly asyncMap in gTP /tmp/npm-1314419458282/1314419458282-0.18437463301233947/contents/___package.npm/package/vendor/node-ctype/tst/
silly asyncMap in gTP /tmp/npm-1314419458282/1314419458282-0.18437463301233947/contents/___package.npm/package/vendor/node-ctype/tst/ctype/
silly asyncMap in gTP /tmp/npm-1314419458282/1314419458282-0.18437463301233947/contents/___package.npm/package/vendor/node-ctype/tst/ctype/tst.basicr.js
silly asyncMap in gTP /tmp/npm-1314419458282/1314419458282-0.18437463301233947/contents/___package.npm/package/vendor/node-ctype/tst/ctype/tst.basicw.js
silly asyncMap in gTP /tmp/npm-1314419458282/1314419458282-0.18437463301233947/contents/___package.npm/package/vendor/node-ctype/tst/ctio/
silly asyncMap in gTP /tmp/npm-1314419458282/1314419458282-0.18437463301233947/contents/___package.npm/package/vendor/node-ctype/tst/ctio/float/
silly asyncMap in gTP /tmp/npm-1314419458282/1314419458282-0.18437463301233947/contents/___package.npm/package/vendor/node-ctype/tst/ctio/float/tst.rfloat.js
silly asyncMap in gTP /tmp/npm-1314419458282/1314419458282-0.18437463301233947/contents/___package.npm/package/vendor/node-ctype/tst/ctio/float/tst.wfloat.js
silly asyncMap in gTP /tmp/npm-1314419458282/1314419458282-0.18437463301233947/contents/___package.npm/package/vendor/node-ctype/tst/ctio/int/
silly asyncMap in gTP /tmp/npm-1314419458282/1314419458282-0.18437463301233947/contents/___package.npm/package/vendor/node-ctype/tst/ctio/int/tst.rint.js
silly asyncMap in gTP /tmp/npm-1314419458282/1314419458282-0.18437463301233947/contents/___package.npm/package/vendor/node-ctype/tst/ctio/int/tst.wint.js
silly asyncMap in gTP /tmp/npm-1314419458282/1314419458282-0.18437463301233947/contents/___package.npm/package/vendor/node-ctype/tst/ctio/uint/
silly asyncMap in gTP /tmp/npm-1314419458282/1314419458282-0.18437463301233947/contents/___package.npm/package/vendor/node-ctype/tst/ctio/uint/tst.ruint.js
silly asyncMap in gTP /tmp/npm-1314419458282/1314419458282-0.18437463301233947/contents/___package.npm/package/vendor/node-ctype/tst/ctio/uint/tst.wuint.js
verbose gunzed /tmp/npm-1314419458282/1314419458282-0.18437463301233947/contents/___package.npm/package
verbose rm'ed /tmp/npm-1314419458282/1314419458282-0.18437463301233947/contents/package
verbose renamed [ '/tmp/npm-1314419458282/1314419458282-0.18437463301233947/contents/___package.npm/package',
verbose renamed   '/tmp/npm-1314419458282/1314419458282-0.18437463301233947/contents/package' ]
silly testEngine { name: 'websocket',
silly testEngine   description: 'Websocket Client & Server Library tracking the latest protocol drafts from the IETF.',
silly testEngine   keywords: [ 'websocket', 'socket', 'networking', 'comet', 'push' ],
silly testEngine   author: { name: 'Brian McKelvey', email: 'brian@worlize.com' },
silly testEngine   version: '0.0.14',
silly testEngine   repository: 
silly testEngine    { type: 'git',
silly testEngine      url: 'git://github.com/Worlize/WebSocket-Node.git' },
silly testEngine   engines: { node: '>=0.4.7' },
silly testEngine   main: 'index',
silly testEngine   directories: { lib: './lib' },
silly testEngine   dependencies: {},
silly testEngine   devDependencies: {},
silly testEngine   _id: 'websocket@0.0.14',
silly testEngine   _engineSupported: false,
silly testEngine   _npmVersion: '1.0.1rcFINAL',
silly testEngine   _nodeVersion: 'v0.4.5',
silly testEngine   _defaultsLoaded: true,
silly testEngine   path: '/tmp/npm-1314419458282/1314419458282-0.18437463301233947/contents/package' }
verbose caching /tmp/npm-1314419458282/1314419458282-0.18437463301233947/contents/package/package.json
verbose loadDefaults websocket@0.0.14
verbose tarball contents [ 'package' ]
verbose from cache /tmp/npm-1314419458282/1314419458282-0.18437463301233947/contents/package/package.json
verbose pack /tmp/npm-1314419458282/1314419458282-0.18437463301233947/contents/package /var/root/.npm/websocket/0.0.14/package.tgz
verbose from cache /tmp/npm-1314419458282/1314419458282-0.18437463301233947/contents/package/package.json
silly testEngine { name: 'websocket-whiteboard',
silly testEngine   description: 'example whiteboard application with websockets',
silly testEngine   version: '0.0.1',
silly testEngine   dependencies: { express: '2.3.11', ejs: '0.4.3' },
silly testEngine   devDependencies: {},
silly testEngine   _id: 'websocket-whiteboard@0.0.1',
silly testEngine   engines: { node: '*' },
silly testEngine   _engineSupported: true,
silly testEngine   _npmVersion: '1.0.1rcFINAL',
silly testEngine   _nodeVersion: 'v0.4.5',
silly testEngine   _defaultsLoaded: true,
silly testEngine   path: '/tmp/npm-1314419458282/1314419458282-0.18437463301233947/contents/package/example/whiteboard' }
verbose caching /tmp/npm-1314419458282/1314419458282-0.18437463301233947/contents/package/example/whiteboard/package.json
verbose loadDefaults websocket-whiteboard@0.0.1
verbose mkdir'ed /var/root/.npm/websocket/0.0.14
verbose tar about to write tar and gzip it.
silly tar args [ '-cvf',
silly tar args   '-',
silly tar args   'package/.gitignore',
silly tar args   'package/index.js',
silly tar args   'package/LICENSE',
silly tar args   'package/package.json',
silly tar args   'package/README.md',
silly tar args   'package/lib/utils.js',
silly tar args   'package/lib/websocket.js',
silly tar args   'package/lib/WebSocketClient.js',
silly tar args   'package/lib/WebSocketConnection.js',
silly tar args   'package/lib/WebSocketFrame.js',
silly tar args   'package/lib/WebSocketRequest.js',
silly tar args   'package/lib/WebSocketRouter.js',
silly tar args   'package/lib/WebSocketRouterRequest.js',
silly tar args   'package/lib/WebSocketServer.js',
silly tar args   'package/test/echo-server.js',
silly tar args   'package/test/fragmentation-test-client.js',
silly tar args   'package/test/fragmentation-test-page.html',
silly tar args   'package/test/fragmentation-test-server.js',
silly tar args   'package/test/libwebsockets-test-client.js',
silly tar args   'package/test/libwebsockets-test-server.js',
silly tar args   'package/test/libwebsockets-test.html',
silly tar args   'package/example/whiteboard/index.ejs',
silly tar args   'package/example/whiteboard/package.json',
silly tar args   'package/example/whiteboard/README',
silly tar args   'package/example/whiteboard/whiteboard.js',
silly tar args   'package/example/whiteboard/public/client.css',
silly tar args   'package/example/whiteboard/public/client.js',
silly tar args   'package/vendor/FastBufferList.js',
silly tar args   'package/vendor/node-ctype/ctio-faster.js',
silly tar args   'package/vendor/node-ctype/ctio.js',
silly tar args   'package/vendor/node-ctype/ctype.js',
silly tar args   'package/vendor/node-ctype/LICENSE',
silly tar args   'package/vendor/node-ctype/README',
silly tar args   'package/vendor/node-ctype/tst/ctype/tst.basicr.js',
silly tar args   'package/vendor/node-ctype/tst/ctype/tst.basicw.js',
silly tar args   'package/vendor/node-ctype/tst/ctio/float/tst.rfloat.js',
silly tar args   'package/vendor/node-ctype/tst/ctio/float/tst.wfloat.js',
silly tar args   'package/vendor/node-ctype/tst/ctio/int/tst.rint.js',
silly tar args   'package/vendor/node-ctype/tst/ctio/int/tst.wint.js',
silly tar args   'package/vendor/node-ctype/tst/ctio/uint/tst.ruint.js',
silly tar args   'package/vendor/node-ctype/tst/ctio/uint/tst.wuint.js' ]
verbose success tar -cvf - <file list elided>
verbose success gzip "--stdout"
verbose mkdir done: /var/root/.npm/websocket/0.0.14/___package.npm 755
verbose unpack_ uid, gid [ 0, 0 ]
verbose unpackTarget /var/root/.npm/websocket/0.0.14/package
silly gunzTarPerm modes [ '755', '644' ]
verbose success gzip "--decompress" "--stdout" "/var/root/.npm/websocket/0.0.14/package.tgz"
verbose success tar "-mvxpf" "-" "--no-same-owner" "-C" "/var/root/.npm/websocket/0.0.14/___package.npm"
silly asyncMap in gTP /var/root/.npm/websocket/0.0.14/___package.npm/package/
silly asyncMap in gTP /var/root/.npm/websocket/0.0.14/___package.npm/package/.gitignore
silly asyncMap in gTP /var/root/.npm/websocket/0.0.14/___package.npm/package/index.js
silly asyncMap in gTP /var/root/.npm/websocket/0.0.14/___package.npm/package/LICENSE
silly asyncMap in gTP /var/root/.npm/websocket/0.0.14/___package.npm/package/package.json
silly asyncMap in gTP /var/root/.npm/websocket/0.0.14/___package.npm/package/README.md
silly asyncMap in gTP /var/root/.npm/websocket/0.0.14/___package.npm/package/lib/
silly asyncMap in gTP /var/root/.npm/websocket/0.0.14/___package.npm/package/lib/utils.js
silly asyncMap in gTP /var/root/.npm/websocket/0.0.14/___package.npm/package/lib/websocket.js
silly asyncMap in gTP /var/root/.npm/websocket/0.0.14/___package.npm/package/lib/WebSocketClient.js
silly asyncMap in gTP /var/root/.npm/websocket/0.0.14/___package.npm/package/lib/WebSocketConnection.js
silly asyncMap in gTP /var/root/.npm/websocket/0.0.14/___package.npm/package/lib/WebSocketFrame.js
silly asyncMap in gTP /var/root/.npm/websocket/0.0.14/___package.npm/package/lib/WebSocketRequest.js
silly asyncMap in gTP /var/root/.npm/websocket/0.0.14/___package.npm/package/lib/WebSocketRouter.js
silly asyncMap in gTP /var/root/.npm/websocket/0.0.14/___package.npm/package/lib/WebSocketRouterRequest.js
silly asyncMap in gTP /var/root/.npm/websocket/0.0.14/___package.npm/package/lib/WebSocketServer.js
silly asyncMap in gTP /var/root/.npm/websocket/0.0.14/___package.npm/package/test/
silly asyncMap in gTP /var/root/.npm/websocket/0.0.14/___package.npm/package/test/echo-server.js
silly asyncMap in gTP /var/root/.npm/websocket/0.0.14/___package.npm/package/test/fragmentation-test-client.js
silly asyncMap in gTP /var/root/.npm/websocket/0.0.14/___package.npm/package/test/fragmentation-test-page.html
silly asyncMap in gTP /var/root/.npm/websocket/0.0.14/___package.npm/package/test/fragmentation-test-server.js
silly asyncMap in gTP /var/root/.npm/websocket/0.0.14/___package.npm/package/test/libwebsockets-test-client.js
silly asyncMap in gTP /var/root/.npm/websocket/0.0.14/___package.npm/package/test/libwebsockets-test-server.js
silly asyncMap in gTP /var/root/.npm/websocket/0.0.14/___package.npm/package/test/libwebsockets-test.html
silly asyncMap in gTP /var/root/.npm/websocket/0.0.14/___package.npm/package/example/
silly asyncMap in gTP /var/root/.npm/websocket/0.0.14/___package.npm/package/example/whiteboard/
silly asyncMap in gTP /var/root/.npm/websocket/0.0.14/___package.npm/package/example/whiteboard/index.ejs
silly asyncMap in gTP /var/root/.npm/websocket/0.0.14/___package.npm/package/example/whiteboard/package.json
silly asyncMap in gTP /var/root/.npm/websocket/0.0.14/___package.npm/package/example/whiteboard/README
silly asyncMap in gTP /var/root/.npm/websocket/0.0.14/___package.npm/package/example/whiteboard/whiteboard.js
silly asyncMap in gTP /var/root/.npm/websocket/0.0.14/___package.npm/package/example/whiteboard/public/
silly asyncMap in gTP /var/root/.npm/websocket/0.0.14/___package.npm/package/example/whiteboard/public/client.css
silly asyncMap in gTP /var/root/.npm/websocket/0.0.14/___package.npm/package/example/whiteboard/public/client.js
silly asyncMap in gTP /var/root/.npm/websocket/0.0.14/___package.npm/package/vendor/
silly asyncMap in gTP /var/root/.npm/websocket/0.0.14/___package.npm/package/vendor/FastBufferList.js
silly asyncMap in gTP /var/root/.npm/websocket/0.0.14/___package.npm/package/vendor/node-ctype/
silly asyncMap in gTP /var/root/.npm/websocket/0.0.14/___package.npm/package/vendor/node-ctype/ctio-faster.js
silly asyncMap in gTP /var/root/.npm/websocket/0.0.14/___package.npm/package/vendor/node-ctype/ctio.js
silly asyncMap in gTP /var/root/.npm/websocket/0.0.14/___package.npm/package/vendor/node-ctype/ctype.js
silly asyncMap in gTP /var/root/.npm/websocket/0.0.14/___package.npm/package/vendor/node-ctype/LICENSE
silly asyncMap in gTP /var/root/.npm/websocket/0.0.14/___package.npm/package/vendor/node-ctype/README
silly asyncMap in gTP /var/root/.npm/websocket/0.0.14/___package.npm/package/vendor/node-ctype/tst/
silly asyncMap in gTP /var/root/.npm/websocket/0.0.14/___package.npm/package/vendor/node-ctype/tst/ctype/
silly asyncMap in gTP /var/root/.npm/websocket/0.0.14/___package.npm/package/vendor/node-ctype/tst/ctype/tst.basicr.js
silly asyncMap in gTP /var/root/.npm/websocket/0.0.14/___package.npm/package/vendor/node-ctype/tst/ctype/tst.basicw.js
silly asyncMap in gTP /var/root/.npm/websocket/0.0.14/___package.npm/package/vendor/node-ctype/tst/ctio/
silly asyncMap in gTP /var/root/.npm/websocket/0.0.14/___package.npm/package/vendor/node-ctype/tst/ctio/float/
silly asyncMap in gTP /var/root/.npm/websocket/0.0.14/___package.npm/package/vendor/node-ctype/tst/ctio/float/tst.rfloat.js
silly asyncMap in gTP /var/root/.npm/websocket/0.0.14/___package.npm/package/vendor/node-ctype/tst/ctio/float/tst.wfloat.js
silly asyncMap in gTP /var/root/.npm/websocket/0.0.14/___package.npm/package/vendor/node-ctype/tst/ctio/int/
silly asyncMap in gTP /var/root/.npm/websocket/0.0.14/___package.npm/package/vendor/node-ctype/tst/ctio/int/tst.rint.js
silly asyncMap in gTP /var/root/.npm/websocket/0.0.14/___package.npm/package/vendor/node-ctype/tst/ctio/int/tst.wint.js
silly asyncMap in gTP /var/root/.npm/websocket/0.0.14/___package.npm/package/vendor/node-ctype/tst/ctio/uint/
silly asyncMap in gTP /var/root/.npm/websocket/0.0.14/___package.npm/package/vendor/node-ctype/tst/ctio/uint/tst.ruint.js
silly asyncMap in gTP /var/root/.npm/websocket/0.0.14/___package.npm/package/vendor/node-ctype/tst/ctio/uint/tst.wuint.js
verbose gunzed /var/root/.npm/websocket/0.0.14/___package.npm/package
verbose rm'ed /var/root/.npm/websocket/0.0.14/package
verbose renamed [ '/var/root/.npm/websocket/0.0.14/___package.npm/package',
verbose renamed   '/var/root/.npm/websocket/0.0.14/package' ]
silly testEngine { name: 'websocket',
silly testEngine   description: 'Websocket Client & Server Library tracking the latest protocol drafts from the IETF.',
silly testEngine   keywords: [ 'websocket', 'socket', 'networking', 'comet', 'push' ],
silly testEngine   author: { name: 'Brian McKelvey', email: 'brian@worlize.com' },
silly testEngine   version: '0.0.14',
silly testEngine   repository: 
silly testEngine    { type: 'git',
silly testEngine      url: 'git://github.com/Worlize/WebSocket-Node.git' },
silly testEngine   engines: { node: '>=0.4.7' },
silly testEngine   main: 'index',
silly testEngine   directories: { lib: './lib' },
silly testEngine   dependencies: {},
silly testEngine   devDependencies: {},
silly testEngine   _id: 'websocket@0.0.14',
silly testEngine   _engineSupported: false,
silly testEngine   _npmVersion: '1.0.1rcFINAL',
silly testEngine   _nodeVersion: 'v0.4.5',
silly testEngine   _defaultsLoaded: true,
silly testEngine   dist: { shasum: 'c7fadda2037df66672492c18566a7c0d028b6c6f' } }
verbose caching /var/root/.npm/websocket/0.0.14/package/package.json
verbose loadDefaults websocket@0.0.14
silly updated sha bytes 40960
silly updated sha bytes 23068
info shasum c7fadda2037df66672492c18566a7c0d028b6c6f
info shasum /var/root/.npm/websocket/0.0.14/package.tgz
verbose from cache /var/root/.npm/websocket/0.0.14/package/package.json
verbose chmod /var/root/.npm/websocket/0.0.14/package.json 644
verbose chmod /var/root/.npm/websocket/0.0.14/package.tgz 644
silly resolved [ { name: 'websocket',
silly resolved     description: 'Websocket Client & Server Library tracking the latest protocol drafts from the IETF.',
silly resolved     keywords: [ 'websocket', 'socket', 'networking', 'comet', 'push' ],
silly resolved     author: { name: 'Brian McKelvey', email: 'brian@worlize.com' },
silly resolved     version: '0.0.14',
silly resolved     repository: 
silly resolved      { type: 'git',
silly resolved        url: 'git://github.com/Worlize/WebSocket-Node.git' },
silly resolved     engines: { node: '>=0.4.7' },
silly resolved     main: 'index',
silly resolved     directories: { lib: './lib' },
silly resolved     dependencies: {},
silly resolved     devDependencies: {},
silly resolved     _id: 'websocket@0.0.14',
silly resolved     _engineSupported: false,
silly resolved     _npmVersion: '1.0.1rcFINAL',
silly resolved     _nodeVersion: 'v0.4.5',
silly resolved     _defaultsLoaded: true,
silly resolved     dist: { shasum: 'c7fadda2037df66672492c18566a7c0d028b6c6f' } } ]
info into /Users/adamcrabtree/projects/mine/localnode websocket@0.0.14
info installOne websocket@0.0.14
verbose installOne cb websocket@0.0.14
ERR! Unsupported
ERR! Not compatible with your version of node/npm: websocket@0.0.14
ERR! Required: {"node":">=0.4.7"}
ERR! Actual:   {"npm":"1.0.1rcFINAL","node":"v0.4.5"}
ERR! 
ERR! System Darwin 11.0.0
ERR! command "node" "/Users/adamcrabtree/.nvm/v0.4.5/bin/npm" "install" "websocket"
verbose exit [ 1, true ]
